soil2-debug.lib(SOIL2.obj) : warning LNK4075: se omite '/EDITANDCONTINUE' debido a la especificación '/OPT:ICF'
LINK : warning LNK4098: la biblioteca predeterminada'MSVCRTD' entra en conflicto con otras bibliotecas; use la biblioteca /NODEFAULTLIB:biblioteca
  Generando código
  Previous IPDB and IOBJ mismatch, fall back to full compilation.
  All 612 functions were compiled because no usable IPDB/IOBJ from previous compilation was found.
  Generación de código finalizada
soil2-debug.lib(etc1_utils.obj) : warning LNK4099: no se encontró PDB 'soil2-debug.pdb' con 'soil2-debug.lib(etc1_utils.obj)' o en 'C:\Users\Roghe\OneDrive - UNIVERSIDAD NACIONAL AUTÓNOMA DE MÉXICO\Facultad de ingeniería\Semestre 8\Lab computación gráfica\Proyecto\316170040_PROYECTOFINAL_GPO12\ProyectoFinal\Release\soil2-debug.pdb'; se vinculará el objeto sin tener en cuenta información de depuración
soil2-debug.lib(image_DXT.obj) : warning LNK4099: no se encontró PDB 'soil2-debug.pdb' con 'soil2-debug.lib(image_DXT.obj)' o en 'C:\Users\Roghe\OneDrive - UNIVERSIDAD NACIONAL AUTÓNOMA DE MÉXICO\Facultad de ingeniería\Semestre 8\Lab computación gráfica\Proyecto\316170040_PROYECTOFINAL_GPO12\ProyectoFinal\Release\soil2-debug.pdb'; se vinculará el objeto sin tener en cuenta información de depuración
soil2-debug.lib(image_helper.obj) : warning LNK4099: no se encontró PDB 'soil2-debug.pdb' con 'soil2-debug.lib(image_helper.obj)' o en 'C:\Users\Roghe\OneDrive - UNIVERSIDAD NACIONAL AUTÓNOMA DE MÉXICO\Facultad de ingeniería\Semestre 8\Lab computación gráfica\Proyecto\316170040_PROYECTOFINAL_GPO12\ProyectoFinal\Release\soil2-debug.pdb'; se vinculará el objeto sin tener en cuenta información de depuración
soil2-debug.lib(SOIL2.obj) : warning LNK4099: no se encontró PDB 'soil2-debug.pdb' con 'soil2-debug.lib(SOIL2.obj)' o en 'C:\Users\Roghe\OneDrive - UNIVERSIDAD NACIONAL AUTÓNOMA DE MÉXICO\Facultad de ingeniería\Semestre 8\Lab computación gráfica\Proyecto\316170040_PROYECTOFINAL_GPO12\ProyectoFinal\Release\soil2-debug.pdb'; se vinculará el objeto sin tener en cuenta información de depuración
C:\Program Files\Microsoft Visual Studio\2022\Community\MSBuild\Microsoft\VC\v170\Microsoft.CppCommon.targets(1092,5): error MSB6003: No se pudo ejecutar la tarea ejecutable especificada "link.exe". System.IO.DirectoryNotFoundException: No se puede encontrar una parte de la ruta de acceso 'C:\Users\Roghe\OneDrive - UNIVERSIDAD NACIONAL AUTÓNOMA DE MÉXICO\Facultad de ingeniería\Semestre 8\Lab computación gráfica\Proyecto\316170040_PROYECTOFINAL_GPO12\ProyectoFinal\ProyectoFinal\Release\ProyectoFinal.tlog'.
C:\Program Files\Microsoft Visual Studio\2022\Community\MSBuild\Microsoft\VC\v170\Microsoft.CppCommon.targets(1092,5): error MSB6003:    en System.IO.__Error.WinIOError(Int32 errorCode, String maybeFullPath)
C:\Program Files\Microsoft Visual Studio\2022\Community\MSBuild\Microsoft\VC\v170\Microsoft.CppCommon.targets(1092,5): error MSB6003:    en System.IO.FileSystemEnumerableIterator`1.CommonInit()
C:\Program Files\Microsoft Visual Studio\2022\Community\MSBuild\Microsoft\VC\v170\Microsoft.CppCommon.targets(1092,5): error MSB6003:    en System.IO.FileSystemEnumerableIterator`1..ctor(String path, String originalUserPath, String searchPattern, SearchOption searchOption, SearchResultHandler`1 resultHandler, Boolean checkHost)
C:\Program Files\Microsoft Visual Studio\2022\Community\MSBuild\Microsoft\VC\v170\Microsoft.CppCommon.targets(1092,5): error MSB6003:    en System.IO.Directory.GetFiles(String path, String searchPattern)
C:\Program Files\Microsoft Visual Studio\2022\Community\MSBuild\Microsoft\VC\v170\Microsoft.CppCommon.targets(1092,5): error MSB6003:    en Microsoft.Build.Utilities.TrackedDependencies.ExpandWildcards(ITaskItem[] expand)
C:\Program Files\Microsoft Visual Studio\2022\Community\MSBuild\Microsoft\VC\v170\Microsoft.CppCommon.targets(1092,5): error MSB6003:    en Microsoft.Build.Utilities.CanonicalTrackedOutputFiles.InternalConstruct(ITask ownerTask, ITaskItem[] tlogFiles, Boolean constructOutputsFromTLogs)
C:\Program Files\Microsoft Visual Studio\2022\Community\MSBuild\Microsoft\VC\v170\Microsoft.CppCommon.targets(1092,5): error MSB6003:    en Microsoft.Build.CPPTasks.TrackedVCToolTask.PostExecuteTool(Int32 exitCode)
C:\Program Files\Microsoft Visual Studio\2022\Community\MSBuild\Microsoft\VC\v170\Microsoft.CppCommon.targets(1092,5): error MSB6003:    en Microsoft.Build.CPPTasks.TrackedVCToolTask.ExecuteTool(String pathToTool, String responseFileCommands, String commandLineCommands)
C:\Program Files\Microsoft Visual Studio\2022\Community\MSBuild\Microsoft\VC\v170\Microsoft.CppCommon.targets(1092,5): error MSB6003:    en Microsoft.Build.Utilities.ToolTask.Execute()
